<?xml version="1.0" encoding="UTF-8"?>
<testng-results ignored="0" total="1" passed="1" failed="0" skipped="0">
  <reporter-output>
  </reporter-output>
  <suite started-at="2023-08-01T13:14:11Z" name="Default suite" finished-at="2023-08-01T13:14:13Z" duration-ms="1963">
    <groups>
    </groups>
    <test started-at="2023-08-01T13:14:11Z" name="Default test" finished-at="2023-08-01T13:14:13Z" duration-ms="1963">
      <class name="lammdademo.Launchbrowser">
        <test-method signature="mytest()[pri:0, instance:lammdademo.Launchbrowser@26d9b808]" started-at="2023-08-01T13:14:11Z" name="mytest" finished-at="2023-08-01T13:14:13Z" duration-ms="1944" status="PASS">
          <reporter-output>
          </reporter-output>
        </test-method> <!-- mytest -->
      </class> <!-- lammdademo.Launchbrowser -->
    </test> <!-- Default test -->
  </suite> <!-- Default suite -->
</testng-results>
